[server] 使用 Vue 前端: dist-vue/
正在初始化数据库...
数据库初始化完成

========================================
  niaoge cloud bot v1.0.0
  http://localhost:3456
========================================

[INFO] 加载了 0 个定时任务配置
[transformToken] raw keys: [seq,ack,time,resp,cmd,body]
[transformToken] msg.body type: object, length: 205
[transformToken] msg.rawData type: object, keys: [roleToken,roleId]
[transformToken] msg.getData() type: object, keys: [roleToken,roleId]
[transformToken] result keys: [roleToken, roleId, sessId, connId, isRestore], length: 268
[DEBUG] [209416dffc07cee3f029e7157a4b599c] 正在连接... [1/5] URL: wss://xxz-xyzw.hortorgames.com/agent?p=%7B%22roleToken%22%3A%22iOK%2FxF1NSfsnXupyD43iJQepvxMOjhjfezI...
[INFO] WebSocket 连接: wss://xxz-xyzw.hortorgames.com/agent?p=<TOKEN_HIDDEN>&e=x&lang=chinese
[DEBUG] Token keys: [roleToken, roleId, sessId, connId, isRestore]
[DEBUG] roleToken: ✅(172chars)
[DEBUG] roleId: 21363955
[INFO] WebSocket 连接成功
[INFO] [209416dffc07cee3f029e7157a4b599c] 连接成功 [1/5]
[INFO] [209416dffc07cee3f029e7157a4b599c] 角色信息获取成功
[transformToken] raw keys: [seq,ack,time,resp,cmd,body]
[transformToken] msg.body type: object, length: 205
[transformToken] msg.rawData type: object, keys: [roleToken,roleId]
[transformToken] msg.getData() type: object, keys: [roleToken,roleId]
[transformToken] result keys: [roleToken, roleId, sessId, connId, isRestore], length: 268
[INFO] [瞌睡.bin] 开始每日任务
[INFO] 正在获取角色信息...
[INFO] 角色信息获取成功
[INFO] 当前阵容: 2
[INFO] [瞌睡.bin] 共有 44 个任务待执行
[INFO] 领取挂机奖励...
[INFO] 领取挂机奖励 - 成功
[INFO] 挂机加钟 1...
[INFO] 挂机加钟 1 - 成功
[INFO] 挂机加钟 2...
[INFO] 挂机加钟 2 - 成功
[INFO] 挂机加钟 3...
[INFO] 挂机加钟 3 - 成功
[INFO] 挂机加钟 4...
[INFO] 挂机加钟 4 - 成功
[INFO] 停止盐罐计时...
[INFO] 停止盐罐计时 - 成功
[INFO] 开始盐罐计时...
[INFO] 开始盐罐计时 - 成功
[INFO] 检查BOSS阵容配置...
[INFO] 获取阵容信息...
[INFO] 获取阵容信息 - 成功
[INFO] 当前阵容: 2
[INFO] 开始切换到BOSS阵容1...
[INFO] 切换到BOSS阵容1...
[INFO] 切换到BOSS阵容1 - 成功
[INFO] 成功切换到BOSS阵容1
[INFO] 军团BOSS 1...
[INFO] 军团BOSS 1 - 成功
[INFO] 军团BOSS 2...
[INFO] 军团BOSS 2 - 成功
[INFO] 检查BOSS阵容配置...
[INFO] 获取阵容信息...
[INFO] 获取阵容信息 - 成功
[INFO] 当前阵容: 1
[INFO] 当前已是BOSS阵容1，无需切换
[INFO] 每日BOSS 1...
[INFO] 批量每日任务: 1 个账号
[INFO] [瞌睡.bin] 开始每日任务
[INFO] 正在获取角色信息...
[INFO] 每日BOSS 1 - 成功
[INFO] 角色信息获取成功
[INFO] 当前阵容: 1
[INFO] [瞌睡.bin] 共有 41 个任务待执行
[INFO] 领取挂机奖励...
[INFO] 领取挂机奖励 - 成功
[INFO] 每日BOSS 2...
[INFO] 挂机加钟 1...
[INFO] 挂机加钟 1 - 成功
[INFO] 每日BOSS 2 - 成功
[INFO] 挂机加钟 2...
[INFO] 每日BOSS 3...
[INFO] 挂机加钟 2 - 成功
[INFO] 每日BOSS 3 - 成功
[INFO] 挂机加钟 3...
[INFO] 挂机加钟 3 - 成功
[INFO] 福利签到...
[INFO] 福利签到 - 跳过 (没有可领取的签到奖励)
[INFO] 挂机加钟 4...
[INFO] 挂机加钟 4 - 成功
[INFO] 俱乐部...
[INFO] 俱乐部 - 跳过 (今天已经签到过了)
[INFO] 停止盐罐计时...
[INFO] 停止盐罐计时 - 成功
[INFO] 领取每日礼包...
[INFO] 领取每日礼包 - 跳过 (今天已经领取过奖励了)
[INFO] 开始盐罐计时...
[INFO] 开始盐罐计时 - 成功
[INFO] 领取每日免费奖励...
[INFO] 领取每日免费奖励 - 跳过 (今日已领取免费奖励)
[INFO] 检查BOSS阵容配置...
[INFO] 获取阵容信息...
[INFO] 获取阵容信息 - 成功
[INFO] 当前阵容: 1
[INFO] 当前已是BOSS阵容1，无需切换
[INFO] 领取免费礼包...
[INFO] 领取免费礼包 - 跳过 (今天已经领取过奖励了)
[INFO] 每日BOSS 1...
[INFO] 每日BOSS 1 - 成功
[INFO] 领取永久卡礼包...
[INFO] 领取永久卡礼包 - 跳过 (今天已经领取过奖励了)
[INFO] 每日BOSS 2...
[INFO] 领取邮件奖励...
[INFO] 每日BOSS 2 - 成功
[INFO] 领取邮件奖励 - 成功
[INFO] 每日BOSS 3...
[INFO] 领取珍宝阁礼包...
[INFO] 每日BOSS 3 - 成功
[INFO] 领取珍宝阁礼包 - 成功
[INFO] 福利签到...
[INFO] 领取珍宝阁免费礼包...
[INFO] 福利签到 - 跳过 (没有可领取的签到奖励)
[INFO] 领取珍宝阁免费礼包 - 跳过 (今日已领取免费奖励)
[INFO] 俱乐部...
[INFO] 免费钓鱼 1...
[INFO] 俱乐部 - 跳过 (今天已经签到过了)
[INFO] 免费钓鱼 1 - 成功
[INFO] 领取每日礼包...
[INFO] 领取每日礼包 - 跳过 (今天已经领取过奖励了)
[INFO] 免费钓鱼 2...
[INFO] 免费钓鱼 2 - 成功
[INFO] 领取每日免费奖励...
[INFO] 领取每日免费奖励 - 跳过 (今日已领取免费奖励)
[INFO] 免费钓鱼 3...
[INFO] 免费钓鱼 3 - 成功
[INFO] 领取免费礼包...
[INFO] 领取免费礼包 - 跳过 (今天已经领取过奖励了)
[INFO] 领取免费扫荡卷 1...
[INFO] 领取免费扫荡卷 1 - 失败: 服务器错误: 3300050 - 购买数量超出限制
[INFO] 任务失败: 领取免费扫荡卷 1/3 - 服务器错误: 3300050 - 购买数量超出限制
[INFO] 领取永久卡礼包...
[INFO] 领取永久卡礼包 - 跳过 (今天已经领取过奖励了)
[INFO] 领取免费扫荡卷 2...
[INFO] 领取免费扫荡卷 2 - 失败: 服务器错误: 3300050 - 购买数量超出限制
[INFO] 任务失败: 领取免费扫荡卷 2/3 - 服务器错误: 3300050 - 购买数量超出限制
[INFO] 领取邮件奖励...
[INFO] 领取邮件奖励 - 成功
[INFO] 领取免费扫荡卷 3...
[INFO] 领取免费扫荡卷 3 - 失败: 服务器错误: 3300050 - 购买数量超出限制
[INFO] 任务失败: 领取免费扫荡卷 3/3 - 服务器错误: 3300050 - 购买数量超出限制
[INFO] 领取珍宝阁礼包...
[INFO] 领取珍宝阁礼包 - 成功
[INFO] 咸王梦境...
[INFO] 咸王梦境 - 失败: 服务器错误: 2600040 - 未知错误
[INFO] 任务失败: 咸王梦境 - 服务器错误: 2600040 - 未知错误
[INFO] 领取珍宝阁免费礼包...
[INFO] 领取珍宝阁免费礼包 - 跳过 (今日已领取免费奖励)
[INFO] 检查初始阵容配置...
[INFO] 获取阵容信息...
[INFO] 获取阵容信息 - 成功
[INFO] 当前阵容: 1
[INFO] 开始切换到初始阵容2...
[INFO] 切换到初始阵容2...
[INFO] 切换到初始阵容2 - 成功
[INFO] 成功切换到初始阵容2
[INFO] 免费钓鱼 1...
[INFO] 免费钓鱼 1 - 成功
[INFO] 领取任务奖励1...
[INFO] 领取任务奖励1 - 跳过 (已经领取过这个任务)
[INFO] 免费钓鱼 2...
[INFO] 免费钓鱼 2 - 成功
[INFO] 领取任务奖励2...
[INFO] 领取任务奖励2 - 跳过 (已经领取过这个任务)
[INFO] 免费钓鱼 3...
[INFO] 免费钓鱼 3 - 成功
[INFO] 领取任务奖励3...
[INFO] 领取任务奖励3 - 跳过 (已经领取过这个任务)
[INFO] 领取免费扫荡卷 1...
[INFO] 领取免费扫荡卷 1 - 失败: 服务器错误: 3300050 - 购买数量超出限制
[INFO] 任务失败: 领取免费扫荡卷 1/3 - 服务器错误: 3300050 - 购买数量超出限制
[INFO] 领取任务奖励4...
[INFO] 领取任务奖励4 - 跳过 (已经领取过这个任务)
[INFO] 领取免费扫荡卷 2...
[INFO] 领取免费扫荡卷 2 - 失败: 服务器错误: 3300050 - 购买数量超出限制
[INFO] 任务失败: 领取免费扫荡卷 2/3 - 服务器错误: 3300050 - 购买数量超出限制
[INFO] 领取任务奖励5...
[INFO] 领取任务奖励5 - 成功
[INFO] 领取免费扫荡卷 3...
[INFO] 领取免费扫荡卷 3 - 失败: 服务器错误: 3300050 - 购买数量超出限制
[INFO] 任务失败: 领取免费扫荡卷 3/3 - 服务器错误: 3300050 - 购买数量超出限制
[INFO] 领取任务奖励6...
[INFO] 领取任务奖励6 - 跳过 (已经领取过这个任务)
[INFO] 咸王梦境...
[INFO] 咸王梦境 - 失败: 服务器错误: 2600040 - 未知错误
[INFO] 任务失败: 咸王梦境 - 服务器错误: 2600040 - 未知错误
[INFO] 领取任务奖励7...
[INFO] 领取任务奖励7 - 跳过 (已经领取过这个任务)
[INFO] 检查初始阵容配置...
[INFO] 获取阵容信息...
[INFO] 获取阵容信息 - 成功
[INFO] 当前阵容: 2
[INFO] 开始切换到初始阵容1...
[INFO] 切换到初始阵容1...
[INFO] 切换到初始阵容1 - 成功
[INFO] 成功切换到初始阵容1
[INFO] 领取任务奖励8...
[INFO] 领取任务奖励8 - 跳过 (已经领取过这个任务)
[INFO] 领取任务奖励1...
[INFO] 领取任务奖励1 - 跳过 (已经领取过这个任务)
[INFO] 领取任务奖励9...
[INFO] 领取任务奖励9 - 跳过 (已经领取过这个任务)
[INFO] 领取任务奖励2...
[INFO] 领取任务奖励2 - 跳过 (已经领取过这个任务)
[INFO] 领取任务奖励10...
[INFO] 领取任务奖励10 - 跳过 (已经领取过这个任务)
[INFO] 领取任务奖励3...
[INFO] 领取任务奖励3 - 跳过 (已经领取过这个任务)
[INFO] 领取日常任务奖励...
[INFO] 领取日常任务奖励 - 失败: 服务器错误: 200020 - 出了点小问题，请尝试重启游戏解决～
[INFO] 任务失败: 领取日常任务奖励 - 服务器错误: 200020 - 出了点小问题，请尝试重启游戏解决～
[INFO] 领取任务奖励4...
[INFO] 领取任务奖励4 - 跳过 (已经领取过这个任务)
[INFO] 领取周常任务奖励...
[INFO] 领取周常任务奖励 - 失败: 服务器错误: 200020 - 出了点小问题，请尝试重启游戏解决～
[INFO] 任务失败: 领取周常任务奖励 - 服务器错误: 200020 - 出了点小问题，请尝试重启游戏解决～
[INFO] 领取任务奖励5...
[INFO] 领取任务奖励5 - 跳过 (已经领取过这个任务)
[INFO] 领取通行证奖励...
[INFO] 领取通行证奖励 - 成功
[INFO] 领取任务奖励6...
[INFO] 领取任务奖励6 - 跳过 (已经领取过这个任务)
[INFO] [瞌睡.bin] 所有任务执行完成
[SUCCESS] [瞌睡.bin] 手动每日任务完成
[INFO] 领取任务奖励7...
[INFO] 领取任务奖励7 - 跳过 (已经领取过这个任务)
[INFO] 领取任务奖励8...
[INFO] 领取任务奖励8 - 跳过 (已经领取过这个任务)
[INFO] 领取任务奖励9...
[INFO] 领取任务奖励9 - 跳过 (已经领取过这个任务)
[INFO] 领取任务奖励10...
[INFO] 领取任务奖励10 - 跳过 (已经领取过这个任务)
[INFO] 领取日常任务奖励...
[INFO] 领取日常任务奖励 - 失败: 服务器错误: 200020 - 出了点小问题，请尝试重启游戏解决～
[INFO] 任务失败: 领取日常任务奖励 - 服务器错误: 200020 - 出了点小问题，请尝试重启游戏解决～
[INFO] 领取周常任务奖励...
[INFO] 领取周常任务奖励 - 失败: 服务器错误: 200020 - 出了点小问题，请尝试重启游戏解决～
[INFO] 任务失败: 领取周常任务奖励 - 服务器错误: 200020 - 出了点小问题，请尝试重启游戏解决～
[INFO] 领取通行证奖励...
[INFO] 领取通行证奖励 - 跳过 (没有可领取的奖励)
[INFO] [瞌睡.bin] 所有任务执行完成
[SUCCESS] [瞌睡.bin] 每日任务完成
[ERROR] [瞌睡.bin] weird-tower 失败: 未知操作: weird-tower
[ERROR] WebSocket 关闭: code=1006(异常关闭(服务器断开了TCP连接)) reason=""
[INFO] [209416dffc07cee3f029e7157a4b599c] 连接断开: code=1006 
[DEBUG] [209416dffc07cee3f029e7157a4b599c] 正在连接... [1/5] URL: wss://xxz-xyzw.hortorgames.com/agent?p=%7B%22roleToken%22%3A%22OKbFRocO%2BFPwfiHF8UlY3QjI4RKN9TTJIBs...
[INFO] WebSocket 连接: wss://xxz-xyzw.hortorgames.com/agent?p=<TOKEN_HIDDEN>&e=x&lang=chinese
[DEBUG] Token keys: [roleToken, roleId, sessId, connId, isRestore]
[DEBUG] roleToken: ✅(172chars)
[DEBUG] roleId: 21363955
[INFO] WebSocket 连接成功
[INFO] [209416dffc07cee3f029e7157a4b599c] 连接成功 [1/5]
[INFO] [209416dffc07cee3f029e7157a4b599c] 角色信息获取成功
[ERROR] [瞌睡.bin] baoku-1 失败: 未知操作: baoku-1
[ERROR] [瞌睡.bin] weird-tower 失败: 未知操作: weird-tower
[ERROR] [瞌睡.bin] free-prop 失败: 未知操作: free-prop
[ERROR] WebSocket 关闭: code=1006(异常关闭(服务器断开了TCP连接)) reason=""
[INFO] [209416dffc07cee3f029e7157a4b599c] 连接断开: code=1006 
[DEBUG] [209416dffc07cee3f029e7157a4b599c] 正在连接... [1/5] URL: wss://xxz-xyzw.hortorgames.com/agent?p=%7B%22roleToken%22%3A%22OKbFRocO%2BFPwfiHF8UlY3QjI4RKN9TTJIBs...
[INFO] WebSocket 连接: wss://xxz-xyzw.hortorgames.com/agent?p=<TOKEN_HIDDEN>&e=x&lang=chinese
[DEBUG] Token keys: [roleToken, roleId, sessId, connId, isRestore]
[DEBUG] roleToken: ✅(172chars)
[DEBUG] roleId: 21363955
[INFO] WebSocket 连接成功
[INFO] [209416dffc07cee3f029e7157a4b599c] 连接成功 [1/5]
[INFO] [209416dffc07cee3f029e7157a4b599c] 角色信息获取成功
[ERROR] WebSocket 关闭: code=1006(异常关闭(服务器断开了TCP连接)) reason=""
[INFO] [209416dffc07cee3f029e7157a4b599c] 连接断开: code=1006 
[DEBUG] [209416dffc07cee3f029e7157a4b599c] 正在连接... [1/5] URL: wss://xxz-xyzw.hortorgames.com/agent?p=%7B%22roleToken%22%3A%22OKbFRocO%2BFPwfiHF8UlY3QjI4RKN9TTJIBs...
[INFO] WebSocket 连接: wss://xxz-xyzw.hortorgames.com/agent?p=<TOKEN_HIDDEN>&e=x&lang=chinese
[DEBUG] Token keys: [roleToken, roleId, sessId, connId, isRestore]
[DEBUG] roleToken: ✅(172chars)
[DEBUG] roleId: 21363955
[INFO] WebSocket 连接成功
[INFO] [209416dffc07cee3f029e7157a4b599c] 连接成功 [1/5]
[INFO] [209416dffc07cee3f029e7157a4b599c] 角色信息获取成功
[SUCCESS] [瞌睡.bin] 日常状态 查询完成
[SUCCESS] [瞌睡.bin] 日常状态 查询完成
[SUCCESS] [瞌睡.bin] 日常状态 查询完成
[SUCCESS] [瞌睡.bin] 日常状态 查询完成
[SUCCESS] [瞌睡.bin] 角色信息 查询完成
[SUCCESS] [瞌睡.bin] 角色信息 查询完成
[SUCCESS] [瞌睡.bin] 角色信息 查询完成
[SUCCESS] [瞌睡.bin] 角色信息 查询完成
[SUCCESS] [瞌睡.bin] 阵容 查询完成
[SUCCESS] [瞌睡.bin] 阵容 查询完成
[SUCCESS] [瞌睡.bin] 阵容 查询完成
[SUCCESS] [瞌睡.bin] 阵容 查询完成
[SUCCESS] [瞌睡.bin] 阵容 查询完成
[SUCCESS] [瞌睡.bin] 邮件列表 查询完成
[SUCCESS] [瞌睡.bin] 邮件列表 查询完成
[SUCCESS] [瞌睡.bin] 俱乐部信息 查询完成
[SUCCESS] [瞌睡.bin] 俱乐部信息 查询完成
[SUCCESS] [瞌睡.bin] 俱乐部信息 查询完成
[SUCCESS] [瞌睡.bin] 俱乐部信息 查询完成
[SUCCESS] [瞌睡.bin] 成员列表 查询完成
[SUCCESS] [瞌睡.bin] 成员列表 查询完成
[SUCCESS] [瞌睡.bin] 区服榜 查询完成
[SUCCESS] [瞌睡.bin] 巅峰榜 查询完成
[ERROR] WebSocket 关闭: code=1006(异常关闭(服务器断开了TCP连接)) reason=""
[INFO] [209416dffc07cee3f029e7157a4b599c] 连接断开: code=1006 
[DEBUG] [209416dffc07cee3f029e7157a4b599c] 正在连接... [1/5] URL: wss://xxz-xyzw.hortorgames.com/agent?p=%7B%22roleToken%22%3A%22OKbFRocO%2BFPwfiHF8UlY3QjI4RKN9TTJIBs...
[INFO] WebSocket 连接: wss://xxz-xyzw.hortorgames.com/agent?p=<TOKEN_HIDDEN>&e=x&lang=chinese
[DEBUG] Token keys: [roleToken, roleId, sessId, connId, isRestore]
[DEBUG] roleToken: ✅(172chars)
[DEBUG] roleId: 21363955
[INFO] WebSocket 连接成功
[INFO] [209416dffc07cee3f029e7157a4b599c] 连接成功 [1/5]
[INFO] [209416dffc07cee3f029e7157a4b599c] 角色信息获取成功
[ERROR] WebSocket 关闭: code=1006(异常关闭(服务器断开了TCP连接)) reason=""
[INFO] [209416dffc07cee3f029e7157a4b599c] 连接断开: code=1006 
[DEBUG] [209416dffc07cee3f029e7157a4b599c] 正在连接... [1/5] URL: wss://xxz-xyzw.hortorgames.com/agent?p=%7B%22roleToken%22%3A%22OKbFRocO%2BFPwfiHF8UlY3QjI4RKN9TTJIBs...
[INFO] WebSocket 连接: wss://xxz-xyzw.hortorgames.com/agent?p=<TOKEN_HIDDEN>&e=x&lang=chinese
[DEBUG] Token keys: [roleToken, roleId, sessId, connId, isRestore]
[DEBUG] roleToken: ✅(172chars)
[DEBUG] roleId: 21363955
[INFO] WebSocket 连接成功
[INFO] [209416dffc07cee3f029e7157a4b599c] 连接成功 [1/5]
[INFO] [209416dffc07cee3f029e7157a4b599c] 角色信息获取成功
[ERROR] WebSocket 关闭: code=1006(异常关闭(服务器断开了TCP连接)) reason=""
[INFO] [209416dffc07cee3f029e7157a4b599c] 连接断开: code=1006 
[DEBUG] [209416dffc07cee3f029e7157a4b599c] 正在连接... [1/5] URL: wss://xxz-xyzw.hortorgames.com/agent?p=%7B%22roleToken%22%3A%22OKbFRocO%2BFPwfiHF8UlY3QjI4RKN9TTJIBs...
[INFO] WebSocket 连接: wss://xxz-xyzw.hortorgames.com/agent?p=<TOKEN_HIDDEN>&e=x&lang=chinese
[DEBUG] Token keys: [roleToken, roleId, sessId, connId, isRestore]
[DEBUG] roleToken: ✅(172chars)
[DEBUG] roleId: 21363955
[INFO] WebSocket 连接成功
[INFO] [209416dffc07cee3f029e7157a4b599c] 连接成功 [1/5]
[INFO] [209416dffc07cee3f029e7157a4b599c] 角色信息获取成功
